<?xml version="1.0" encoding="UTF-8"?>
<!-- Generated by org.testng.reporters.JUnitXMLReporter -->
<testsuite ignored="0" hostname="Mr-Sanket" failures="0" tests="20" name="Default test" time="44.699" errors="0" timestamp="2020-05-16T11:10:35 IST">
  <testcase classname="com.Testcases.AvailabilityCheck" name="TestCaseOne" time="1.039"/>
  <testcase classname="com.Testcases.AvailabilityCheck" name="TestCaseTwo" time="10.84"/>
  <testcase classname="com.Testcases.AvailabilityCheck" name="TestCaseThree" time="0.073"/>
  <testcase classname="com.Testcases.AvailabilityCheck" name="TestCaseFour" time="6.71"/>
  <testcase classname="com.Testcases.AvailabilityCheck" name="TestCaseFive" time="0.66"/>
  <testcase classname="com.Testcases.AvailabilityCheck" name="TestCaseSix" time="0.221"/>
  <testcase classname="com.Testcases.AvailabilityCheck" name="TestCaseSeven" time="0.117"/>
  <testcase classname="com.Testcases.AvailabilityCheck" name="TestCaseEight" time="3.852"/>
  <testcase classname="com.Testcases.AvailabilityCheck" name="TestCaseNine" time="4.967"/>
  <testcase classname="com.Testcases.AvailabilityCheck" name="TestCaseTen" time="0.037"/>
  <testcase classname="com.Testcases.AvailabilityCheck" name="TestCaseEleven" time="2.889"/>
  <testcase classname="com.Testcases.AvailabilityCheck" name="TestCaseTweleve" time="0.047"/>
  <testcase classname="com.Testcases.AvailabilityCheck" name="TestCaseThirteen" time="2.89"/>
  <testcase classname="com.Testcases.AvailabilityCheck" name="TestCaseFourteen" time="0.86"/>
  <testcase classname="com.Testcases.AvailabilityCheck" name="TestCaseFifteen" time="0.042"/>
  <testcase classname="com.Testcases.AvailabilityCheck" name="TestCaseSixteen" time="0.738"/>
  <testcase classname="com.Testcases.AvailabilityCheck" name="TestCaseSeventeen" time="3.567"/>
  <testcase classname="com.Testcases.AvailabilityCheck" name="TestCaseEighteen" time="0.034"/>
  <testcase classname="com.Testcases.AvailabilityCheck" name="TestCaseNineteen" time="3.978"/>
  <testcase classname="com.Testcases.AvailabilityCheck" name="TestCaseTwenty" time="0.254"/>
</testsuite> <!-- Default test -->
