<?xml version="1.0" encoding="UTF-8"?>
<testng-results ignored="0" total="20" passed="20" failed="0" skipped="0">
  <reporter-output>
  </reporter-output>
  <suite started-at="2020-05-16T11:15:13 IST" name="project Cognizant : MakeMyTrip" finished-at="2020-05-16T11:15:54 IST" duration-ms="41966">
    <groups>
    </groups>
    <test started-at="2020-05-16T11:15:13 IST" name="cognizant excel problemTwo testCase" finished-at="2020-05-16T11:15:54 IST" duration-ms="41966">
      <class name="com.Testcases.AvailabilityCheck">
        <test-method signature="TestCaseOne()[pri:1, instance:com.Testcases.AvailabilityCheck@23348b5d]" started-at="2020-05-16T11:15:13 IST" name="TestCaseOne" finished-at="2020-05-16T11:15:14 IST" duration-ms="1275" status="PASS">
          <reporter-output>
          </reporter-output>
        </test-method> <!-- TestCaseOne -->
        <test-method signature="TestCaseTwo()[pri:0, instance:com.Testcases.AvailabilityCheck@23348b5d]" started-at="2020-05-16T11:15:14 IST" name="TestCaseTwo" finished-at="2020-05-16T11:15:25 IST" depends-on-methods="com.Testcases.AvailabilityCheck.TestCaseOne" duration-ms="10883" status="PASS">
          <reporter-output>
          </reporter-output>
        </test-method> <!-- TestCaseTwo -->
        <test-method signature="TestCaseThree()[pri:0, instance:com.Testcases.AvailabilityCheck@23348b5d]" started-at="2020-05-16T11:15:25 IST" name="TestCaseThree" finished-at="2020-05-16T11:15:25 IST" depends-on-methods="com.Testcases.AvailabilityCheck.TestCaseTwo" duration-ms="107" status="PASS">
          <reporter-output>
          </reporter-output>
        </test-method> <!-- TestCaseThree -->
        <test-method signature="TestCaseFour()[pri:0, instance:com.Testcases.AvailabilityCheck@23348b5d]" started-at="2020-05-16T11:15:25 IST" name="TestCaseFour" finished-at="2020-05-16T11:15:29 IST" depends-on-methods="com.Testcases.AvailabilityCheck.TestCaseThree" duration-ms="4559" status="PASS">
          <reporter-output>
          </reporter-output>
        </test-method> <!-- TestCaseFour -->
        <test-method signature="TestCaseFive()[pri:0, instance:com.Testcases.AvailabilityCheck@23348b5d]" started-at="2020-05-16T11:15:29 IST" name="TestCaseFive" finished-at="2020-05-16T11:15:30 IST" depends-on-methods="com.Testcases.AvailabilityCheck.TestCaseFour" duration-ms="1052" status="PASS">
          <reporter-output>
          </reporter-output>
        </test-method> <!-- TestCaseFive -->
        <test-method signature="TestCaseSix()[pri:0, instance:com.Testcases.AvailabilityCheck@23348b5d]" started-at="2020-05-16T11:15:30 IST" name="TestCaseSix" finished-at="2020-05-16T11:15:31 IST" depends-on-methods="com.Testcases.AvailabilityCheck.TestCaseFive" duration-ms="216" status="PASS">
          <reporter-output>
          </reporter-output>
        </test-method> <!-- TestCaseSix -->
        <test-method signature="TestCaseSeven()[pri:0, instance:com.Testcases.AvailabilityCheck@23348b5d]" started-at="2020-05-16T11:15:31 IST" name="TestCaseSeven" finished-at="2020-05-16T11:15:31 IST" depends-on-methods="com.Testcases.AvailabilityCheck.TestCaseSix" duration-ms="103" status="PASS">
          <reporter-output>
          </reporter-output>
        </test-method> <!-- TestCaseSeven -->
        <test-method signature="TestCaseEight()[pri:0, instance:com.Testcases.AvailabilityCheck@23348b5d]" started-at="2020-05-16T11:15:31 IST" name="TestCaseEight" finished-at="2020-05-16T11:15:35 IST" depends-on-methods="com.Testcases.AvailabilityCheck.TestCaseSeven" duration-ms="4036" status="PASS">
          <reporter-output>
          </reporter-output>
        </test-method> <!-- TestCaseEight -->
        <test-method signature="TestCaseNine()[pri:0, instance:com.Testcases.AvailabilityCheck@23348b5d]" started-at="2020-05-16T11:15:35 IST" name="TestCaseNine" finished-at="2020-05-16T11:15:40 IST" depends-on-methods="com.Testcases.AvailabilityCheck.TestCaseEight" duration-ms="4671" status="PASS">
          <reporter-output>
          </reporter-output>
        </test-method> <!-- TestCaseNine -->
        <test-method signature="TestCaseTen()[pri:0, instance:com.Testcases.AvailabilityCheck@23348b5d]" started-at="2020-05-16T11:15:40 IST" name="TestCaseTen" finished-at="2020-05-16T11:15:40 IST" depends-on-methods="com.Testcases.AvailabilityCheck.TestCaseNine" duration-ms="45" status="PASS">
          <reporter-output>
          </reporter-output>
        </test-method> <!-- TestCaseTen -->
        <test-method signature="TestCaseEleven()[pri:0, instance:com.Testcases.AvailabilityCheck@23348b5d]" started-at="2020-05-16T11:15:40 IST" name="TestCaseEleven" finished-at="2020-05-16T11:15:43 IST" depends-on-methods="com.Testcases.AvailabilityCheck.TestCaseTen" duration-ms="3184" status="PASS">
          <reporter-output>
          </reporter-output>
        </test-method> <!-- TestCaseEleven -->
        <test-method signature="TestCaseTweleve()[pri:0, instance:com.Testcases.AvailabilityCheck@23348b5d]" started-at="2020-05-16T11:15:43 IST" name="TestCaseTweleve" finished-at="2020-05-16T11:15:43 IST" depends-on-methods="com.Testcases.AvailabilityCheck.TestCaseEleven" duration-ms="43" status="PASS">
          <reporter-output>
          </reporter-output>
        </test-method> <!-- TestCaseTweleve -->
        <test-method signature="TestCaseThirteen()[pri:0, instance:com.Testcases.AvailabilityCheck@23348b5d]" started-at="2020-05-16T11:15:43 IST" name="TestCaseThirteen" finished-at="2020-05-16T11:15:46 IST" depends-on-methods="com.Testcases.AvailabilityCheck.TestCaseTweleve" duration-ms="2651" status="PASS">
          <reporter-output>
          </reporter-output>
        </test-method> <!-- TestCaseThirteen -->
        <test-method signature="TestCaseFourteen()[pri:0, instance:com.Testcases.AvailabilityCheck@23348b5d]" started-at="2020-05-16T11:15:46 IST" name="TestCaseFourteen" finished-at="2020-05-16T11:15:46 IST" depends-on-methods="com.Testcases.AvailabilityCheck.TestCaseThirteen" duration-ms="985" status="PASS">
          <reporter-output>
          </reporter-output>
        </test-method> <!-- TestCaseFourteen -->
        <test-method signature="TestCaseFifteen()[pri:0, instance:com.Testcases.AvailabilityCheck@23348b5d]" started-at="2020-05-16T11:15:47 IST" name="TestCaseFifteen" finished-at="2020-05-16T11:15:47 IST" depends-on-methods="com.Testcases.AvailabilityCheck.TestCaseFourteen" duration-ms="37" status="PASS">
          <reporter-output>
          </reporter-output>
        </test-method> <!-- TestCaseFifteen -->
        <test-method signature="TestCaseSixteen()[pri:0, instance:com.Testcases.AvailabilityCheck@23348b5d]" started-at="2020-05-16T11:15:47 IST" name="TestCaseSixteen" finished-at="2020-05-16T11:15:47 IST" depends-on-methods="com.Testcases.AvailabilityCheck.TestCaseFifteen" duration-ms="947" status="PASS">
          <reporter-output>
          </reporter-output>
        </test-method> <!-- TestCaseSixteen -->
        <test-method signature="TestCaseSeventeen()[pri:0, instance:com.Testcases.AvailabilityCheck@23348b5d]" started-at="2020-05-16T11:15:47 IST" name="TestCaseSeventeen" finished-at="2020-05-16T11:15:50 IST" depends-on-methods="com.Testcases.AvailabilityCheck.TestCaseSixteen" duration-ms="2874" status="PASS">
          <reporter-output>
          </reporter-output>
        </test-method> <!-- TestCaseSeventeen -->
        <test-method signature="TestCaseEighteen()[pri:0, instance:com.Testcases.AvailabilityCheck@23348b5d]" started-at="2020-05-16T11:15:50 IST" name="TestCaseEighteen" finished-at="2020-05-16T11:15:50 IST" depends-on-methods="com.Testcases.AvailabilityCheck.TestCaseSeventeen" duration-ms="34" status="PASS">
          <reporter-output>
          </reporter-output>
        </test-method> <!-- TestCaseEighteen -->
        <test-method signature="TestCaseNineteen()[pri:0, instance:com.Testcases.AvailabilityCheck@23348b5d]" started-at="2020-05-16T11:15:50 IST" name="TestCaseNineteen" finished-at="2020-05-16T11:15:53 IST" depends-on-methods="com.Testcases.AvailabilityCheck.TestCaseEighteen" duration-ms="3018" status="PASS">
          <reporter-output>
          </reporter-output>
        </test-method> <!-- TestCaseNineteen -->
        <test-method signature="TestCaseTwenty()[pri:0, instance:com.Testcases.AvailabilityCheck@23348b5d]" started-at="2020-05-16T11:15:53 IST" name="TestCaseTwenty" finished-at="2020-05-16T11:15:54 IST" depends-on-methods="com.Testcases.AvailabilityCheck.TestCaseNineteen" duration-ms="297" status="PASS">
          <reporter-output>
          </reporter-output>
        </test-method> <!-- TestCaseTwenty -->
        <test-method is-config="true" signature="endReport()[pri:0, instance:com.Testcases.AvailabilityCheck@23348b5d]" started-at="2020-05-16T11:15:54 IST" name="endReport" finished-at="2020-05-16T11:15:54 IST" duration-ms="754" status="PASS">
          <reporter-output>
          </reporter-output>
        </test-method> <!-- endReport -->
      </class> <!-- com.Testcases.AvailabilityCheck -->
    </test> <!-- cognizant excel problemTwo testCase -->
  </suite> <!-- project Cognizant : MakeMyTrip -->
</testng-results>
